2018-08-01 00:00:14,097 ERROR (GlobalDefaultExceptionHandler.java:58)- http://192.168.1.81:8080/collect/price/findCollectHistory<:=====:>GET<:=====:>userId<:=====:>null
2018-08-01 00:00:14,119 ERROR (GlobalDefaultExceptionHandler.java:83)- class java.lang.reflect.UndeclaredThrowableException:null
2018-08-01 00:00:14,129 DEBUG (BaseJdbcLogger.java:159)- ==>  Preparing: insert into log (id, userId, req_ip, req_uri, req_host, req_port, error_code, error_message, create_time, real_error_message, parameter) values (?, ?, ?, ?, ?, ?, ?, ?, ?, ?, ?) 
2018-08-01 00:00:14,130 DEBUG (BaseJdbcLogger.java:159)- ==> Parameters: 3cd256be10674f048f7eddc6a74487ee(String), 临时用户(String), 192.168.1.81(String), /collect/price/findCollectHistory(String), 192.168.1.81(String), 9956(Integer), null, null, 2018-08-01 00:00:14.097(Timestamp), null, userId(String)
2018-08-01 00:00:14,157 DEBUG (BaseJdbcLogger.java:159)- <==    Updates: 1
2018-08-01 00:03:01,177 INFO (StartupInfoLogger.java:50)- Starting PricePublishingSystemApplication on 2016-20170502RH with PID 8584 (E:\svn\price-publishing-system\target\classes started by Administrator in E:\svn\price-publishing-system)
2018-08-01 00:03:01,178 DEBUG (StartupInfoLogger.java:53)- Running with Spring Boot v2.0.2.RELEASE, Spring v5.0.6.RELEASE
2018-08-01 00:03:01,178 INFO (SpringApplication.java:663)- The following profiles are active: dev
2018-08-01 00:03:04,801 INFO (StartupInfoLogger.java:59)- Started PricePublishingSystemApplication in 3.707 seconds (JVM running for 268.198)
2018-08-01 00:05:35,325 INFO (StartupInfoLogger.java:50)- Starting PricePublishingSystemApplication on 2016-20170502RH with PID 10180 (E:\svn\price-publishing-system\target\classes started by Administrator in E:\svn\price-publishing-system)
2018-08-01 00:05:35,326 DEBUG (StartupInfoLogger.java:53)- Running with Spring Boot v2.0.2.RELEASE, Spring v5.0.6.RELEASE
2018-08-01 00:05:35,328 INFO (SpringApplication.java:663)- The following profiles are active: dev
2018-08-01 00:05:44,339 INFO (StartupInfoLogger.java:59)- Started PricePublishingSystemApplication in 10.011 seconds (JVM running for 11.973)
2018-08-01 00:05:49,225 INFO (TokenAuthorFilter.java:69)- com.hywa.pricepublish.config.interceptor.RedisTokenManager@4a8139a
2018-08-01 00:05:49,225 INFO (TokenAuthorFilter.java:70)- b8d11ee289394be688ef3a4f6968efed_a451e0b16b544b98b63211897ead1f22
2018-08-01 00:05:49,226 INFO (RedisTokenManager.java:38)- tokenModel : TokenModel(userId=b8d11ee289394be688ef3a4f6968efed, token=a451e0b16b544b98b63211897ead1f22)
2018-08-01 00:05:49,808 INFO (TokenAuthorFilter.java:109)- token filter过滤ok!
2018-08-01 00:05:58,509 ERROR (GlobalDefaultExceptionHandler.java:58)- http://192.168.1.81:8080/collect/price/findCollectHistory<:=====:>GET<:=====:>userId<:=====:>null
2018-08-01 00:05:58,510 ERROR (GlobalDefaultExceptionHandler.java:83)- class java.lang.reflect.UndeclaredThrowableException:null
2018-08-01 00:05:59,028 DEBUG (BaseJdbcLogger.java:159)- ==>  Preparing: insert into log (id, userId, req_ip, req_uri, req_host, req_port, error_code, error_message, create_time, real_error_message, parameter) values (?, ?, ?, ?, ?, ?, ?, ?, ?, ?, ?) 
2018-08-01 00:05:59,219 DEBUG (BaseJdbcLogger.java:159)- ==> Parameters: 00471be29b18404d91b62fbd9f42ab3a(String), 临时用户(String), 192.168.1.81(String), /collect/price/findCollectHistory(String), 192.168.1.81(String), 10132(Integer), null, null, 2018-08-01 00:05:58.508(Timestamp), null, userId(String)
2018-08-01 00:05:59,257 DEBUG (BaseJdbcLogger.java:159)- <==    Updates: 1
2018-08-01 00:20:06,792 INFO (StartupInfoLogger.java:50)- Starting PricePublishingSystemApplication on 2016-20170502RH with PID 10180 (E:\svn\price-publishing-system\target\classes started by Administrator in E:\svn\price-publishing-system)
2018-08-01 00:20:06,793 DEBUG (StartupInfoLogger.java:53)- Running with Spring Boot v2.0.2.RELEASE, Spring v5.0.6.RELEASE
2018-08-01 00:20:06,794 INFO (SpringApplication.java:663)- The following profiles are active: dev
2018-08-01 00:20:11,261 INFO (StartupInfoLogger.java:59)- Started PricePublishingSystemApplication in 4.559 seconds (JVM running for 878.867)
2018-08-01 00:22:04,226 INFO (StartupInfoLogger.java:50)- Starting PricePublishingSystemApplication on 2016-20170502RH with PID 10180 (E:\svn\price-publishing-system\target\classes started by Administrator in E:\svn\price-publishing-system)
2018-08-01 00:22:04,227 DEBUG (StartupInfoLogger.java:53)- Running with Spring Boot v2.0.2.RELEASE, Spring v5.0.6.RELEASE
2018-08-01 00:22:04,227 INFO (SpringApplication.java:663)- The following profiles are active: dev
2018-08-01 00:22:07,610 INFO (StartupInfoLogger.java:59)- Started PricePublishingSystemApplication in 3.447 seconds (JVM running for 995.212)
2018-08-01 00:22:39,175 INFO (StartupInfoLogger.java:50)- Starting PricePublishingSystemApplication on 2016-20170502RH with PID 11508 (E:\svn\price-publishing-system\target\classes started by Administrator in E:\svn\price-publishing-system)
2018-08-01 00:22:39,176 DEBUG (StartupInfoLogger.java:53)- Running with Spring Boot v2.0.2.RELEASE, Spring v5.0.6.RELEASE
2018-08-01 00:22:39,179 INFO (SpringApplication.java:663)- The following profiles are active: dev
2018-08-01 00:22:47,524 INFO (StartupInfoLogger.java:59)- Started PricePublishingSystemApplication in 9.311 seconds (JVM running for 11.092)
2018-08-01 00:23:42,146 INFO (TokenAuthorFilter.java:69)- com.hywa.pricepublish.config.interceptor.RedisTokenManager@7ba0b7c3
2018-08-01 00:23:42,146 INFO (TokenAuthorFilter.java:70)- b8d11ee289394be688ef3a4f6968efed_a451e0b16b544b98b63211897ead1f22
2018-08-01 00:23:42,147 INFO (RedisTokenManager.java:38)- tokenModel : TokenModel(userId=b8d11ee289394be688ef3a4f6968efed, token=a451e0b16b544b98b63211897ead1f22)
2018-08-01 00:23:42,759 INFO (TokenAuthorFilter.java:109)- token filter过滤ok!
2018-08-01 00:24:04,876 INFO (StartupInfoLogger.java:50)- Starting PricePublishingSystemApplication on 2016-20170502RH with PID 11508 (E:\svn\price-publishing-system\target\classes started by Administrator in E:\svn\price-publishing-system)
2018-08-01 00:24:04,877 DEBUG (StartupInfoLogger.java:53)- Running with Spring Boot v2.0.2.RELEASE, Spring v5.0.6.RELEASE
2018-08-01 00:24:04,877 INFO (SpringApplication.java:663)- The following profiles are active: dev
2018-08-01 00:24:08,491 INFO (StartupInfoLogger.java:59)- Started PricePublishingSystemApplication in 3.661 seconds (JVM running for 92.056)
2018-08-01 08:39:20,700 INFO (StartupInfoLogger.java:50)- Starting PricePublishingSystemApplication on 2016-20170502RH with PID 11508 (E:\svn\price-publishing-system\target\classes started by Administrator in E:\svn\price-publishing-system)
2018-08-01 08:39:20,702 DEBUG (StartupInfoLogger.java:53)- Running with Spring Boot v2.0.2.RELEASE, Spring v5.0.6.RELEASE
2018-08-01 08:39:20,702 INFO (SpringApplication.java:663)- The following profiles are active: dev
2018-08-01 08:39:24,545 INFO (StartupInfoLogger.java:59)- Started PricePublishingSystemApplication in 3.922 seconds (JVM running for 29807.148)
2018-08-01 08:39:31,272 INFO (StartupInfoLogger.java:50)- Starting PricePublishingSystemApplication on 2016-20170502RH with PID 11508 (E:\svn\price-publishing-system\target\classes started by Administrator in E:\svn\price-publishing-system)
2018-08-01 08:39:31,273 DEBUG (StartupInfoLogger.java:53)- Running with Spring Boot v2.0.2.RELEASE, Spring v5.0.6.RELEASE
2018-08-01 08:39:31,273 INFO (SpringApplication.java:663)- The following profiles are active: dev
2018-08-01 08:39:33,237 INFO (StartupInfoLogger.java:59)- Started PricePublishingSystemApplication in 2.013 seconds (JVM running for 29815.839)
2018-08-01 08:41:10,402 INFO (StartupInfoLogger.java:50)- Starting PricePublishingSystemApplication on 2016-20170502RH with PID 11508 (E:\svn\price-publishing-system\target\classes started by Administrator in E:\svn\price-publishing-system)
2018-08-01 08:41:10,402 DEBUG (StartupInfoLogger.java:53)- Running with Spring Boot v2.0.2.RELEASE, Spring v5.0.6.RELEASE
2018-08-01 08:41:10,402 INFO (SpringApplication.java:663)- The following profiles are active: dev
2018-08-01 08:41:13,668 INFO (StartupInfoLogger.java:59)- Started PricePublishingSystemApplication in 3.338 seconds (JVM running for 29916.267)
2018-08-01 08:49:57,481 INFO (StartupInfoLogger.java:50)- Starting PricePublishingSystemApplication on 2016-20170502RH with PID 11508 (E:\svn\price-publishing-system\target\classes started by Administrator in E:\svn\price-publishing-system)
2018-08-01 08:49:57,482 DEBUG (StartupInfoLogger.java:53)- Running with Spring Boot v2.0.2.RELEASE, Spring v5.0.6.RELEASE
2018-08-01 08:49:57,482 INFO (SpringApplication.java:663)- The following profiles are active: dev
2018-08-01 08:50:00,903 INFO (StartupInfoLogger.java:59)- Started PricePublishingSystemApplication in 3.46 seconds (JVM running for 30443.485)
2018-08-01 08:50:03,010 INFO (StartupInfoLogger.java:50)- Starting PricePublishingSystemApplication on 2016-20170502RH with PID 11508 (E:\svn\price-publishing-system\target\classes started by Administrator in E:\svn\price-publishing-system)
2018-08-01 08:50:03,011 DEBUG (StartupInfoLogger.java:53)- Running with Spring Boot v2.0.2.RELEASE, Spring v5.0.6.RELEASE
2018-08-01 08:50:03,011 INFO (SpringApplication.java:663)- The following profiles are active: dev
2018-08-01 08:52:56,561 INFO (StartupInfoLogger.java:50)- Starting PricePublishingSystemApplication on 2016-20170502RH with PID 11508 (E:\svn\price-publishing-system\target\classes started by Administrator in E:\svn\price-publishing-system)
2018-08-01 08:52:56,561 DEBUG (StartupInfoLogger.java:53)- Running with Spring Boot v2.0.2.RELEASE, Spring v5.0.6.RELEASE
2018-08-01 08:52:56,561 INFO (SpringApplication.java:663)- The following profiles are active: dev
2018-08-01 08:53:03,749 INFO (StartupInfoLogger.java:50)- Starting PricePublishingSystemApplication on 2016-20170502RH with PID 11508 (E:\svn\price-publishing-system\target\classes started by Administrator in E:\svn\price-publishing-system)
2018-08-01 08:53:03,750 DEBUG (StartupInfoLogger.java:53)- Running with Spring Boot v2.0.2.RELEASE, Spring v5.0.6.RELEASE
2018-08-01 08:53:03,750 INFO (SpringApplication.java:663)- The following profiles are active: dev
2018-08-01 08:56:36,974 INFO (StartupInfoLogger.java:50)- Starting PricePublishingSystemApplication on 2016-20170502RH with PID 11508 (E:\svn\price-publishing-system\target\classes started by Administrator in E:\svn\price-publishing-system)
2018-08-01 08:56:36,974 DEBUG (StartupInfoLogger.java:53)- Running with Spring Boot v2.0.2.RELEASE, Spring v5.0.6.RELEASE
2018-08-01 08:56:36,974 INFO (SpringApplication.java:663)- The following profiles are active: dev
2018-08-01 09:00:00,619 INFO (StartupInfoLogger.java:50)- Starting PricePublishingSystemApplication on 2016-20170502RH with PID 11508 (E:\svn\price-publishing-system\target\classes started by Administrator in E:\svn\price-publishing-system)
2018-08-01 09:00:00,619 DEBUG (StartupInfoLogger.java:53)- Running with Spring Boot v2.0.2.RELEASE, Spring v5.0.6.RELEASE
2018-08-01 09:00:00,619 INFO (SpringApplication.java:663)- The following profiles are active: dev
2018-08-01 09:00:03,521 INFO (StartupInfoLogger.java:59)- Started PricePublishingSystemApplication in 2.962 seconds (JVM running for 31046.083)
2018-08-01 09:00:11,387 INFO (StartupInfoLogger.java:50)- Starting PricePublishingSystemApplication on 2016-20170502RH with PID 11508 (E:\svn\price-publishing-system\target\classes started by Administrator in E:\svn\price-publishing-system)
2018-08-01 09:00:11,388 DEBUG (StartupInfoLogger.java:53)- Running with Spring Boot v2.0.2.RELEASE, Spring v5.0.6.RELEASE
2018-08-01 09:00:11,388 INFO (SpringApplication.java:663)- The following profiles are active: dev
2018-08-01 09:00:15,001 INFO (StartupInfoLogger.java:59)- Started PricePublishingSystemApplication in 3.695 seconds (JVM running for 31057.563)
2018-08-01 09:00:19,100 INFO (StartupInfoLogger.java:50)- Starting PricePublishingSystemApplication on 2016-20170502RH with PID 11508 (E:\svn\price-publishing-system\target\classes started by Administrator in E:\svn\price-publishing-system)
2018-08-01 09:00:19,101 DEBUG (StartupInfoLogger.java:53)- Running with Spring Boot v2.0.2.RELEASE, Spring v5.0.6.RELEASE
2018-08-01 09:00:19,102 INFO (SpringApplication.java:663)- The following profiles are active: dev
2018-08-01 09:00:22,706 INFO (StartupInfoLogger.java:59)- Started PricePublishingSystemApplication in 3.657 seconds (JVM running for 31065.267)
2018-08-01 09:00:26,532 INFO (StartupInfoLogger.java:50)- Starting PricePublishingSystemApplication on 2016-20170502RH with PID 11508 (E:\svn\price-publishing-system\target\classes started by Administrator in E:\svn\price-publishing-system)
2018-08-01 09:00:26,532 DEBUG (StartupInfoLogger.java:53)- Running with Spring Boot v2.0.2.RELEASE, Spring v5.0.6.RELEASE
2018-08-01 09:00:26,532 INFO (SpringApplication.java:663)- The following profiles are active: dev
2018-08-01 09:00:28,758 INFO (StartupInfoLogger.java:59)- Started PricePublishingSystemApplication in 2.261 seconds (JVM running for 31071.319)
2018-08-01 09:00:38,583 INFO (StartupInfoLogger.java:50)- Starting PricePublishingSystemApplication on 2016-20170502RH with PID 11508 (E:\svn\price-publishing-system\target\classes started by Administrator in E:\svn\price-publishing-system)
2018-08-01 09:00:38,584 DEBUG (StartupInfoLogger.java:53)- Running with Spring Boot v2.0.2.RELEASE, Spring v5.0.6.RELEASE
2018-08-01 09:00:38,584 INFO (SpringApplication.java:663)- The following profiles are active: dev
2018-08-01 09:03:16,056 INFO (StartupInfoLogger.java:50)- Starting PricePublishingSystemApplication on 2016-20170502RH with PID 10840 (E:\svn\price-publishing-system\target\classes started by Administrator in E:\svn\price-publishing-system)
2018-08-01 09:03:16,058 DEBUG (StartupInfoLogger.java:53)- Running with Spring Boot v2.0.2.RELEASE, Spring v5.0.6.RELEASE
2018-08-01 09:03:16,141 INFO (SpringApplication.java:663)- The following profiles are active: dev
2018-08-01 09:03:23,343 INFO (StartupInfoLogger.java:59)- Started PricePublishingSystemApplication in 8.766 seconds (JVM running for 10.983)
2018-08-01 09:03:26,566 DEBUG (BaseJdbcLogger.java:159)- ==>  Preparing: select * from user_info user where user.name = ? and is_del=0 
2018-08-01 09:03:26,760 DEBUG (BaseJdbcLogger.java:159)- ==> Parameters: admin(String)
2018-08-01 09:03:26,787 DEBUG (BaseJdbcLogger.java:159)- <==      Total: 1
2018-08-01 09:03:26,828 DEBUG (BaseJdbcLogger.java:159)- ==>  Preparing: select user_id, region_id, type from user_ref_area WHERE ( user_id = ? ) 
2018-08-01 09:03:26,830 DEBUG (BaseJdbcLogger.java:159)- ==> Parameters: b8d11ee289394be688ef3a4f6968efed(String)
2018-08-01 09:03:26,834 DEBUG (BaseJdbcLogger.java:159)- <==      Total: 1
2018-08-01 09:03:36,237 INFO (TokenAuthorFilter.java:69)- com.hywa.pricepublish.config.interceptor.RedisTokenManager@630c90ae
2018-08-01 09:03:36,237 INFO (TokenAuthorFilter.java:70)- b8d11ee289394be688ef3a4f6968efed_bcf6be8d24024896b09424746a5a257c
2018-08-01 09:03:36,238 INFO (RedisTokenManager.java:38)- tokenModel : TokenModel(userId=b8d11ee289394be688ef3a4f6968efed, token=bcf6be8d24024896b09424746a5a257c)
2018-08-01 09:03:36,245 INFO (TokenAuthorFilter.java:109)- token filter过滤ok!
2018-08-01 09:03:36,382 ERROR (GlobalDefaultExceptionHandler.java:58)- http://192.168.1.81:8080/user/add<:=====:>POST<:=====:>null<:=====:>Validation failed for argument at index 0 in method: public org.springframework.http.ResponseEntity<com.hywa.pricepublish.representation.ResponseBase> com.hywa.pricepublish.controller.login.UserController.registerUser(com.hywa.pricepublish.representation.ext.UserRepExt), with 4 error(s): [Field error in object 'userRepExt' on field 'workUnit': rejected value [null]; codes [NotNull.userRepExt.workUnit,NotNull.workUnit,NotNull.java.lang.String,NotNull]; arguments [org.springframework.context.support.DefaultMessageSourceResolvable: codes [userRepExt.workUnit,workUnit]; arguments []; default message [workUnit]]; default message [工作单位不能为空]] [Field error in object 'userRepExt' on field 'name': rejected value [null]; codes [NotNull.userRepExt.name,NotNull.name,NotNull.java.lang.String,NotNull]; arguments [org.springframework.context.support.DefaultMessageSourceResolvable: codes [userRepExt.name,name]; arguments []; default message [name]]; default message [用户名不能为空]] [Field error in object 'userRepExt' on field 'pwd': rejected value [null]; codes [NotNull.userRepExt.pwd,NotNull.pwd,NotNull.java.lang.String,NotNull]; arguments [org.springframework.context.support.DefaultMessageSourceResolvable: codes [userRepExt.pwd,pwd]; arguments []; default message [pwd]]; default message [密码不能为空]] [Field error in object 'userRepExt' on field 'regionId': rejected value [null]; codes [NotNull.userRepExt.regionId,NotNull.regionId,NotNull.java.lang.String,NotNull]; arguments [org.springframework.context.support.DefaultMessageSourceResolvable: codes [userRepExt.regionId,regionId]; arguments []; default message [regionId]]; default message [请绑定区域]]
2018-08-01 09:03:36,383 ERROR (GlobalDefaultExceptionHandler.java:73)- class org.springframework.web.bind.MethodArgumentNotValidException
2018-08-01 09:03:36,384 ERROR (GlobalDefaultExceptionHandler.java:79)- 工作单位不能为空
2018-08-01 09:03:36,384 ERROR (GlobalDefaultExceptionHandler.java:79)- 用户名不能为空
2018-08-01 09:03:36,384 ERROR (GlobalDefaultExceptionHandler.java:79)- 密码不能为空
2018-08-01 09:03:36,384 ERROR (GlobalDefaultExceptionHandler.java:79)- 请绑定区域
2018-08-01 09:03:36,386 DEBUG (BaseJdbcLogger.java:159)- ==>  Preparing: insert into log (id, userId, req_ip, req_uri, req_host, req_port, error_code, error_message, create_time, real_error_message, parameter) values (?, ?, ?, ?, ?, ?, ?, ?, ?, ?, ?) 
2018-08-01 09:03:36,396 DEBUG (BaseJdbcLogger.java:159)- ==> Parameters: 69a32ccf3f264b85b093ad0b76703419(String), b8d11ee289394be688ef3a4f6968efed(String), 192.168.1.81(String), /user/add(String), 192.168.1.81(String), 4517(Integer), null, null, 2018-08-01 09:03:36.382(Timestamp), Validation failed for argument at index 0 in method: public org.springframework.http.ResponseEntity<com.hywa.pricepublish.representation.ResponseBase> com.hywa.pricepublish.controller.login.UserController.registerUser(com.hywa.pricepublish.representation.ext.UserRepExt), with 4 error(s): [Field error in object 'userRepExt' on field 'workUnit': rejected value [null]; codes [NotNull.userRepExt.workUnit,NotNull.workUnit,NotNull.java.lang.String,NotNull]; arguments [org.springframework.context.support.DefaultMessageSourceResolvable: codes [userRepExt.workUnit,workUnit]; arguments []; default message [workUnit]]; default message [工作单位不能为空]] [Field error in object 'userRepExt' on field 'name': rejected value [null]; codes [NotNull.userRepExt.name,NotNull.name,NotNull.java.lang.String,NotNull]; arguments [org.springframework.context.support.DefaultMessageSourceResolvable: codes [userRepExt.name,name]; arguments []; default message [name]]; default message [用户名不能为空]] [Field error in object 'userRepExt' on field 'pwd': rejected value [null]; codes [NotNull.userRepExt.pwd,NotNull.pwd,NotNull.java.lang.String,NotNull]; arguments [org.springframework.context.support.DefaultMessageSourceResolvable: codes [userRepExt.pwd,pwd]; arguments []; default message [pwd]]; default message [密码不能为空]] [Field error in object 'userRepExt' on field 'regionId': rejected value [null]; codes [NotNull.userRepExt.regionId,NotNull.regionId,NotNull.java.lang.String,NotNull]; arguments [org.springframework.context.support.DefaultMessageSourceResolvable: codes [userRepExt.regionId,regionId]; arguments []; default message [regionId]]; default message [请绑定区域]](String), null
2018-08-01 09:03:36,443 ERROR (GlobalDefaultExceptionHandler.java:92)- 
### Error updating database.  Cause: com.mysql.jdbc.MysqlDataTruncation: Data truncation: Data too long for column 'real_error_message' at row 1
### The error may involve com.hywa.pricepublish.dao.mapper.LogMapper.insert-Inline
### The error occurred while setting parameters
### SQL: insert into log (id, userId, req_ip,        req_uri, req_host, req_port,        error_code, error_message, create_time,        real_error_message, parameter)     values (?, ?, ?,        ?, ?, ?,        ?, ?, ?,        ?, ?)
### Cause: com.mysql.jdbc.MysqlDataTruncation: Data truncation: Data too long for column 'real_error_message' at row 1
; ]; Data truncation: Data too long for column 'real_error_message' at row 1; nested exception is com.mysql.jdbc.MysqlDataTruncation: Data truncation: Data too long for column 'real_error_message' at row 1
2018-08-01 09:04:46,568 INFO (StartupInfoLogger.java:50)- Starting PricePublishingSystemApplication on 2016-20170502RH with PID 10840 (E:\svn\price-publishing-system\target\classes started by Administrator in E:\svn\price-publishing-system)
2018-08-01 09:04:46,569 DEBUG (StartupInfoLogger.java:53)- Running with Spring Boot v2.0.2.RELEASE, Spring v5.0.6.RELEASE
2018-08-01 09:04:46,569 INFO (SpringApplication.java:663)- The following profiles are active: dev
2018-08-01 09:04:49,722 INFO (StartupInfoLogger.java:59)- Started PricePublishingSystemApplication in 3.229 seconds (JVM running for 97.36)
2018-08-01 09:05:06,380 INFO (StartupInfoLogger.java:50)- Starting PricePublishingSystemApplication on 2016-20170502RH with PID 10840 (E:\svn\price-publishing-system\target\classes started by Administrator in E:\svn\price-publishing-system)
2018-08-01 09:05:06,381 DEBUG (StartupInfoLogger.java:53)- Running with Spring Boot v2.0.2.RELEASE, Spring v5.0.6.RELEASE
2018-08-01 09:05:06,381 INFO (SpringApplication.java:663)- The following profiles are active: dev
2018-08-01 09:05:09,845 INFO (StartupInfoLogger.java:59)- Started PricePublishingSystemApplication in 3.528 seconds (JVM running for 117.482)
2018-08-01 09:07:53,978 INFO (StartupInfoLogger.java:50)- Starting PricePublishingSystemApplication on 2016-20170502RH with PID 10840 (E:\svn\price-publishing-system\target\classes started by Administrator in E:\svn\price-publishing-system)
2018-08-01 09:07:53,979 DEBUG (StartupInfoLogger.java:53)- Running with Spring Boot v2.0.2.RELEASE, Spring v5.0.6.RELEASE
2018-08-01 09:07:53,979 INFO (SpringApplication.java:663)- The following profiles are active: dev
2018-08-01 09:07:56,348 INFO (StartupInfoLogger.java:59)- Started PricePublishingSystemApplication in 2.42 seconds (JVM running for 283.979)
2018-08-01 09:16:47,793 INFO (StartupInfoLogger.java:50)- Starting PricePublishingSystemApplication on 2016-20170502RH with PID 10840 (E:\svn\price-publishing-system\target\classes started by Administrator in E:\svn\price-publishing-system)
2018-08-01 09:16:47,794 DEBUG (StartupInfoLogger.java:53)- Running with Spring Boot v2.0.2.RELEASE, Spring v5.0.6.RELEASE
2018-08-01 09:16:47,794 INFO (SpringApplication.java:663)- The following profiles are active: dev
2018-08-01 09:16:51,055 INFO (StartupInfoLogger.java:59)- Started PricePublishingSystemApplication in 3.304 seconds (JVM running for 818.669)
2018-08-01 09:16:59,024 INFO (StartupInfoLogger.java:50)- Starting PricePublishingSystemApplication on 2016-20170502RH with PID 10840 (E:\svn\price-publishing-system\target\classes started by Administrator in E:\svn\price-publishing-system)
2018-08-01 09:16:59,024 DEBUG (StartupInfoLogger.java:53)- Running with Spring Boot v2.0.2.RELEASE, Spring v5.0.6.RELEASE
2018-08-01 09:16:59,025 INFO (SpringApplication.java:663)- The following profiles are active: dev
2018-08-01 09:17:01,541 INFO (StartupInfoLogger.java:59)- Started PricePublishingSystemApplication in 2.551 seconds (JVM running for 829.155)
2018-08-01 09:17:09,052 INFO (StartupInfoLogger.java:50)- Starting PricePublishingSystemApplication on 2016-20170502RH with PID 10840 (E:\svn\price-publishing-system\target\classes started by Administrator in E:\svn\price-publishing-system)
2018-08-01 09:17:09,053 DEBUG (StartupInfoLogger.java:53)- Running with Spring Boot v2.0.2.RELEASE, Spring v5.0.6.RELEASE
2018-08-01 09:17:09,053 INFO (SpringApplication.java:663)- The following profiles are active: dev
2018-08-01 09:17:10,881 INFO (StartupInfoLogger.java:59)- Started PricePublishingSystemApplication in 1.874 seconds (JVM running for 838.494)
2018-08-01 09:17:24,137 INFO (StartupInfoLogger.java:50)- Starting PricePublishingSystemApplication on 2016-20170502RH with PID 10840 (E:\svn\price-publishing-system\target\classes started by Administrator in E:\svn\price-publishing-system)
2018-08-01 09:17:24,138 DEBUG (StartupInfoLogger.java:53)- Running with Spring Boot v2.0.2.RELEASE, Spring v5.0.6.RELEASE
2018-08-01 09:17:24,138 INFO (SpringApplication.java:663)- The following profiles are active: dev
2018-08-01 09:17:27,246 INFO (StartupInfoLogger.java:59)- Started PricePublishingSystemApplication in 3.172 seconds (JVM running for 854.859)
2018-08-01 09:17:34,573 INFO (StartupInfoLogger.java:50)- Starting PricePublishingSystemApplication on 2016-20170502RH with PID 10840 (E:\svn\price-publishing-system\target\classes started by Administrator in E:\svn\price-publishing-system)
2018-08-01 09:17:34,574 DEBUG (StartupInfoLogger.java:53)- Running with Spring Boot v2.0.2.RELEASE, Spring v5.0.6.RELEASE
2018-08-01 09:17:34,574 INFO (SpringApplication.java:663)- The following profiles are active: dev
2018-08-01 09:17:37,648 INFO (StartupInfoLogger.java:59)- Started PricePublishingSystemApplication in 3.117 seconds (JVM running for 865.261)
2018-08-01 09:17:50,071 INFO (StartupInfoLogger.java:50)- Starting PricePublishingSystemApplication on 2016-20170502RH with PID 10840 (E:\svn\price-publishing-system\target\classes started by Administrator in E:\svn\price-publishing-system)
2018-08-01 09:17:50,072 DEBUG (StartupInfoLogger.java:53)- Running with Spring Boot v2.0.2.RELEASE, Spring v5.0.6.RELEASE
2018-08-01 09:17:50,072 INFO (SpringApplication.java:663)- The following profiles are active: dev
2018-08-01 09:17:52,577 INFO (StartupInfoLogger.java:59)- Started PricePublishingSystemApplication in 2.572 seconds (JVM running for 880.189)
2018-08-01 09:19:00,652 INFO (StartupInfoLogger.java:50)- Starting PricePublishingSystemApplication on 2016-20170502RH with PID 10840 (E:\svn\price-publishing-system\target\classes started by Administrator in E:\svn\price-publishing-system)
2018-08-01 09:19:00,653 DEBUG (StartupInfoLogger.java:53)- Running with Spring Boot v2.0.2.RELEASE, Spring v5.0.6.RELEASE
2018-08-01 09:19:00,653 INFO (SpringApplication.java:663)- The following profiles are active: dev
2018-08-01 09:19:03,398 INFO (StartupInfoLogger.java:59)- Started PricePublishingSystemApplication in 2.823 seconds (JVM running for 951.008)
2018-08-01 09:19:56,180 INFO (StartupInfoLogger.java:50)- Starting PricePublishingSystemApplication on 2016-20170502RH with PID 10840 (E:\svn\price-publishing-system\target\classes started by Administrator in E:\svn\price-publishing-system)
2018-08-01 09:19:56,181 DEBUG (StartupInfoLogger.java:53)- Running with Spring Boot v2.0.2.RELEASE, Spring v5.0.6.RELEASE
2018-08-01 09:19:56,181 INFO (SpringApplication.java:663)- The following profiles are active: dev
2018-08-01 09:19:58,651 INFO (StartupInfoLogger.java:59)- Started PricePublishingSystemApplication in 2.513 seconds (JVM running for 1006.26)
2018-08-01 09:21:43,583 INFO (StartupInfoLogger.java:50)- Starting PricePublishingSystemApplication on 2016-20170502RH with PID 10840 (E:\svn\price-publishing-system\target\classes started by Administrator in E:\svn\price-publishing-system)
2018-08-01 09:21:43,583 DEBUG (StartupInfoLogger.java:53)- Running with Spring Boot v2.0.2.RELEASE, Spring v5.0.6.RELEASE
2018-08-01 09:21:43,583 INFO (SpringApplication.java:663)- The following profiles are active: dev
2018-08-01 09:21:46,096 INFO (StartupInfoLogger.java:59)- Started PricePublishingSystemApplication in 2.553 seconds (JVM running for 1113.701)
2018-08-01 09:21:53,456 INFO (StartupInfoLogger.java:50)- Starting PricePublishingSystemApplication on 2016-20170502RH with PID 10840 (E:\svn\price-publishing-system\target\classes started by Administrator in E:\svn\price-publishing-system)
2018-08-01 09:21:53,456 DEBUG (StartupInfoLogger.java:53)- Running with Spring Boot v2.0.2.RELEASE, Spring v5.0.6.RELEASE
2018-08-01 09:21:53,456 INFO (SpringApplication.java:663)- The following profiles are active: dev
2018-08-01 09:21:56,506 INFO (StartupInfoLogger.java:59)- Started PricePublishingSystemApplication in 3.088 seconds (JVM running for 1124.11)
2018-08-01 09:22:07,708 INFO (StartupInfoLogger.java:50)- Starting PricePublishingSystemApplication on 2016-20170502RH with PID 10840 (E:\svn\price-publishing-system\target\classes started by Administrator in E:\svn\price-publishing-system)
2018-08-01 09:22:07,708 DEBUG (StartupInfoLogger.java:53)- Running with Spring Boot v2.0.2.RELEASE, Spring v5.0.6.RELEASE
2018-08-01 09:22:07,708 INFO (SpringApplication.java:663)- The following profiles are active: dev
2018-08-01 09:22:09,993 INFO (StartupInfoLogger.java:59)- Started PricePublishingSystemApplication in 2.335 seconds (JVM running for 1137.596)
2018-08-01 09:22:30,782 INFO (StartupInfoLogger.java:50)- Starting PricePublishingSystemApplication on 2016-20170502RH with PID 10840 (E:\svn\price-publishing-system\target\classes started by Administrator in E:\svn\price-publishing-system)
2018-08-01 09:22:30,783 DEBUG (StartupInfoLogger.java:53)- Running with Spring Boot v2.0.2.RELEASE, Spring v5.0.6.RELEASE
2018-08-01 09:22:30,783 INFO (SpringApplication.java:663)- The following profiles are active: dev
2018-08-01 09:22:32,717 INFO (StartupInfoLogger.java:59)- Started PricePublishingSystemApplication in 2.006 seconds (JVM running for 1160.32)
2018-08-01 09:22:37,897 INFO (StartupInfoLogger.java:50)- Starting PricePublishingSystemApplication on 2016-20170502RH with PID 10840 (E:\svn\price-publishing-system\target\classes started by Administrator in E:\svn\price-publishing-system)
2018-08-01 09:22:37,897 DEBUG (StartupInfoLogger.java:53)- Running with Spring Boot v2.0.2.RELEASE, Spring v5.0.6.RELEASE
2018-08-01 09:22:37,897 INFO (SpringApplication.java:663)- The following profiles are active: dev
2018-08-01 09:22:40,299 INFO (StartupInfoLogger.java:59)- Started PricePublishingSystemApplication in 2.451 seconds (JVM running for 1167.902)
2018-08-01 09:22:56,667 INFO (StartupInfoLogger.java:50)- Starting PricePublishingSystemApplication on 2016-20170502RH with PID 10840 (E:\svn\price-publishing-system\target\classes started by Administrator in E:\svn\price-publishing-system)
2018-08-01 09:22:56,667 DEBUG (StartupInfoLogger.java:53)- Running with Spring Boot v2.0.2.RELEASE, Spring v5.0.6.RELEASE
2018-08-01 09:22:56,667 INFO (SpringApplication.java:663)- The following profiles are active: dev
2018-08-01 09:22:58,936 INFO (StartupInfoLogger.java:59)- Started PricePublishingSystemApplication in 2.319 seconds (JVM running for 1186.539)
2018-08-01 09:23:06,031 INFO (StartupInfoLogger.java:50)- Starting PricePublishingSystemApplication on 2016-20170502RH with PID 10840 (E:\svn\price-publishing-system\target\classes started by Administrator in E:\svn\price-publishing-system)
2018-08-01 09:23:06,032 DEBUG (StartupInfoLogger.java:53)- Running with Spring Boot v2.0.2.RELEASE, Spring v5.0.6.RELEASE
2018-08-01 09:23:06,032 INFO (SpringApplication.java:663)- The following profiles are active: dev
2018-08-01 09:23:08,518 INFO (StartupInfoLogger.java:59)- Started PricePublishingSystemApplication in 2.535 seconds (JVM running for 1196.12)
2018-08-01 09:23:25,942 INFO (StartupInfoLogger.java:50)- Starting PricePublishingSystemApplication on 2016-20170502RH with PID 10840 (E:\svn\price-publishing-system\target\classes started by Administrator in E:\svn\price-publishing-system)
2018-08-01 09:23:25,942 DEBUG (StartupInfoLogger.java:53)- Running with Spring Boot v2.0.2.RELEASE, Spring v5.0.6.RELEASE
2018-08-01 09:23:25,942 INFO (SpringApplication.java:663)- The following profiles are active: dev
2018-08-01 09:23:27,656 INFO (StartupInfoLogger.java:59)- Started PricePublishingSystemApplication in 1.743 seconds (JVM running for 1215.257)
2018-08-01 09:23:42,536 INFO (StartupInfoLogger.java:50)- Starting PricePublishingSystemApplication on 2016-20170502RH with PID 10840 (E:\svn\price-publishing-system\target\classes started by Administrator in E:\svn\price-publishing-system)
2018-08-01 09:23:42,536 DEBUG (StartupInfoLogger.java:53)- Running with Spring Boot v2.0.2.RELEASE, Spring v5.0.6.RELEASE
2018-08-01 09:23:42,536 INFO (SpringApplication.java:663)- The following profiles are active: dev
2018-08-01 09:23:46,323 INFO (StartupInfoLogger.java:59)- Started PricePublishingSystemApplication in 3.843 seconds (JVM running for 1233.924)
2018-08-01 09:23:48,544 INFO (StartupInfoLogger.java:50)- Starting PricePublishingSystemApplication on 2016-20170502RH with PID 10840 (E:\svn\price-publishing-system\target\classes started by Administrator in E:\svn\price-publishing-system)
2018-08-01 09:23:48,544 DEBUG (StartupInfoLogger.java:53)- Running with Spring Boot v2.0.2.RELEASE, Spring v5.0.6.RELEASE
2018-08-01 09:23:48,545 INFO (SpringApplication.java:663)- The following profiles are active: dev
2018-08-01 09:23:50,364 INFO (StartupInfoLogger.java:59)- Started PricePublishingSystemApplication in 1.861 seconds (JVM running for 1237.964)
2018-08-01 09:24:54,338 INFO (StartupInfoLogger.java:50)- Starting PricePublishingSystemApplication on 2016-20170502RH with PID 10840 (E:\svn\price-publishing-system\target\classes started by Administrator in E:\svn\price-publishing-system)
2018-08-01 09:24:54,338 DEBUG (StartupInfoLogger.java:53)- Running with Spring Boot v2.0.2.RELEASE, Spring v5.0.6.RELEASE
2018-08-01 09:24:54,339 INFO (SpringApplication.java:663)- The following profiles are active: dev
2018-08-01 09:24:56,501 INFO (StartupInfoLogger.java:59)- Started PricePublishingSystemApplication in 2.213 seconds (JVM running for 1304.1)
2018-08-01 09:25:10,237 INFO (StartupInfoLogger.java:50)- Starting PricePublishingSystemApplication on 2016-20170502RH with PID 10840 (E:\svn\price-publishing-system\target\classes started by Administrator in E:\svn\price-publishing-system)
2018-08-01 09:25:10,237 DEBUG (StartupInfoLogger.java:53)- Running with Spring Boot v2.0.2.RELEASE, Spring v5.0.6.RELEASE
2018-08-01 09:25:10,237 INFO (SpringApplication.java:663)- The following profiles are active: dev
2018-08-01 09:25:13,600 INFO (StartupInfoLogger.java:59)- Started PricePublishingSystemApplication in 3.43 seconds (JVM running for 1321.198)
2018-08-01 09:25:16,586 INFO (StartupInfoLogger.java:50)- Starting PricePublishingSystemApplication on 2016-20170502RH with PID 10840 (E:\svn\price-publishing-system\target\classes started by Administrator in E:\svn\price-publishing-system)
2018-08-01 09:25:16,586 DEBUG (StartupInfoLogger.java:53)- Running with Spring Boot v2.0.2.RELEASE, Spring v5.0.6.RELEASE
2018-08-01 09:25:16,586 INFO (SpringApplication.java:663)- The following profiles are active: dev
2018-08-01 09:25:19,815 INFO (StartupInfoLogger.java:59)- Started PricePublishingSystemApplication in 3.278 seconds (JVM running for 1327.413)
2018-08-01 09:25:21,778 INFO (StartupInfoLogger.java:50)- Starting PricePublishingSystemApplication on 2016-20170502RH with PID 10840 (E:\svn\price-publishing-system\target\classes started by Administrator in E:\svn\price-publishing-system)
2018-08-01 09:25:21,779 DEBUG (StartupInfoLogger.java:53)- Running with Spring Boot v2.0.2.RELEASE, Spring v5.0.6.RELEASE
2018-08-01 09:25:21,779 INFO (SpringApplication.java:663)- The following profiles are active: dev
2018-08-01 09:25:24,307 INFO (StartupInfoLogger.java:59)- Started PricePublishingSystemApplication in 2.606 seconds (JVM running for 1331.904)
2018-08-01 09:25:38,621 INFO (StartupInfoLogger.java:50)- Starting PricePublishingSystemApplication on 2016-20170502RH with PID 10840 (E:\svn\price-publishing-system\target\classes started by Administrator in E:\svn\price-publishing-system)
2018-08-01 09:25:38,624 DEBUG (StartupInfoLogger.java:53)- Running with Spring Boot v2.0.2.RELEASE, Spring v5.0.6.RELEASE
2018-08-01 09:25:38,625 INFO (SpringApplication.java:663)- The following profiles are active: dev
2018-08-01 09:25:42,094 INFO (StartupInfoLogger.java:59)- Started PricePublishingSystemApplication in 3.531 seconds (JVM running for 1349.691)
2018-08-01 09:25:50,377 INFO (StartupInfoLogger.java:50)- Starting PricePublishingSystemApplication on 2016-20170502RH with PID 10840 (E:\svn\price-publishing-system\target\classes started by Administrator in E:\svn\price-publishing-system)
2018-08-01 09:25:50,378 DEBUG (StartupInfoLogger.java:53)- Running with Spring Boot v2.0.2.RELEASE, Spring v5.0.6.RELEASE
2018-08-01 09:25:50,378 INFO (SpringApplication.java:663)- The following profiles are active: dev
2018-08-01 09:25:52,957 INFO (StartupInfoLogger.java:59)- Started PricePublishingSystemApplication in 2.646 seconds (JVM running for 1360.553)
2018-08-01 09:25:56,833 INFO (StartupInfoLogger.java:50)- Starting PricePublishingSystemApplication on 2016-20170502RH with PID 10840 (E:\svn\price-publishing-system\target\classes started by Administrator in E:\svn\price-publishing-system)
2018-08-01 09:25:56,833 DEBUG (StartupInfoLogger.java:53)- Running with Spring Boot v2.0.2.RELEASE, Spring v5.0.6.RELEASE
2018-08-01 09:25:56,833 INFO (SpringApplication.java:663)- The following profiles are active: dev
2018-08-01 09:25:58,600 INFO (StartupInfoLogger.java:59)- Started PricePublishingSystemApplication in 1.796 seconds (JVM running for 1366.196)
2018-08-01 09:26:55,351 INFO (StartupInfoLogger.java:50)- Starting PricePublishingSystemApplication on 2016-20170502RH with PID 10840 (E:\svn\price-publishing-system\target\classes started by Administrator in E:\svn\price-publishing-system)
2018-08-01 09:26:55,351 DEBUG (StartupInfoLogger.java:53)- Running with Spring Boot v2.0.2.RELEASE, Spring v5.0.6.RELEASE
2018-08-01 09:26:55,352 INFO (SpringApplication.java:663)- The following profiles are active: dev
2018-08-01 09:26:57,332 INFO (StartupInfoLogger.java:59)- Started PricePublishingSystemApplication in 2.024 seconds (JVM running for 1424.927)
2018-08-01 09:27:16,981 INFO (StartupInfoLogger.java:50)- Starting PricePublishingSystemApplication on 2016-20170502RH with PID 10840 (E:\svn\price-publishing-system\target\classes started by Administrator in E:\svn\price-publishing-system)
2018-08-01 09:27:16,981 DEBUG (StartupInfoLogger.java:53)- Running with Spring Boot v2.0.2.RELEASE, Spring v5.0.6.RELEASE
2018-08-01 09:27:16,981 INFO (SpringApplication.java:663)- The following profiles are active: dev
2018-08-01 09:27:20,127 INFO (StartupInfoLogger.java:59)- Started PricePublishingSystemApplication in 3.191 seconds (JVM running for 1447.721)
2018-08-01 09:27:32,481 INFO (StartupInfoLogger.java:50)- Starting PricePublishingSystemApplication on 2016-20170502RH with PID 10840 (E:\svn\price-publishing-system\target\classes started by Administrator in E:\svn\price-publishing-system)
2018-08-01 09:27:32,481 DEBUG (StartupInfoLogger.java:53)- Running with Spring Boot v2.0.2.RELEASE, Spring v5.0.6.RELEASE
2018-08-01 09:27:32,481 INFO (SpringApplication.java:663)- The following profiles are active: dev
2018-08-01 09:27:35,868 INFO (StartupInfoLogger.java:59)- Started PricePublishingSystemApplication in 3.424 seconds (JVM running for 1463.461)
2018-08-01 09:27:38,107 INFO (StartupInfoLogger.java:50)- Starting PricePublishingSystemApplication on 2016-20170502RH with PID 10840 (E:\svn\price-publishing-system\target\classes started by Administrator in E:\svn\price-publishing-system)
2018-08-01 09:27:38,108 DEBUG (StartupInfoLogger.java:53)- Running with Spring Boot v2.0.2.RELEASE, Spring v5.0.6.RELEASE
2018-08-01 09:27:38,108 INFO (SpringApplication.java:663)- The following profiles are active: dev
2018-08-01 09:27:39,964 INFO (StartupInfoLogger.java:59)- Started PricePublishingSystemApplication in 1.896 seconds (JVM running for 1467.557)
2018-08-01 09:27:48,387 INFO (StartupInfoLogger.java:50)- Starting PricePublishingSystemApplication on 2016-20170502RH with PID 10840 (E:\svn\price-publishing-system\target\classes started by Administrator in E:\svn\price-publishing-system)
2018-08-01 09:27:48,387 DEBUG (StartupInfoLogger.java:53)- Running with Spring Boot v2.0.2.RELEASE, Spring v5.0.6.RELEASE
2018-08-01 09:27:48,387 INFO (SpringApplication.java:663)- The following profiles are active: dev
2018-08-01 09:27:51,458 INFO (StartupInfoLogger.java:59)- Started PricePublishingSystemApplication in 3.12 seconds (JVM running for 1479.051)
2018-08-01 09:27:54,418 INFO (StartupInfoLogger.java:50)- Starting PricePublishingSystemApplication on 2016-20170502RH with PID 10840 (E:\svn\price-publishing-system\target\classes started by Administrator in E:\svn\price-publishing-system)
2018-08-01 09:27:54,419 DEBUG (StartupInfoLogger.java:53)- Running with Spring Boot v2.0.2.RELEASE, Spring v5.0.6.RELEASE
2018-08-01 09:27:54,419 INFO (SpringApplication.java:663)- The following profiles are active: dev
2018-08-01 09:27:56,758 INFO (StartupInfoLogger.java:59)- Started PricePublishingSystemApplication in 2.381 seconds (JVM running for 1484.351)
2018-08-01 09:28:49,584 INFO (StartupInfoLogger.java:50)- Starting PricePublishingSystemApplication on 2016-20170502RH with PID 10840 (E:\svn\price-publishing-system\target\classes started by Administrator in E:\svn\price-publishing-system)
2018-08-01 09:28:49,585 DEBUG (StartupInfoLogger.java:53)- Running with Spring Boot v2.0.2.RELEASE, Spring v5.0.6.RELEASE
2018-08-01 09:28:49,586 INFO (SpringApplication.java:663)- The following profiles are active: dev
2018-08-01 09:28:53,029 INFO (StartupInfoLogger.java:59)- Started PricePublishingSystemApplication in 3.511 seconds (JVM running for 1540.62)
2018-08-01 09:29:08,385 INFO (StartupInfoLogger.java:50)- Starting PricePublishingSystemApplication on 2016-20170502RH with PID 10840 (E:\svn\price-publishing-system\target\classes started by Administrator in E:\svn\price-publishing-system)
2018-08-01 09:29:08,386 DEBUG (StartupInfoLogger.java:53)- Running with Spring Boot v2.0.2.RELEASE, Spring v5.0.6.RELEASE
2018-08-01 09:29:08,386 INFO (SpringApplication.java:663)- The following profiles are active: dev
2018-08-01 09:29:10,841 INFO (StartupInfoLogger.java:59)- Started PricePublishingSystemApplication in 2.492 seconds (JVM running for 1558.431)
2018-08-01 09:30:41,841 INFO (StartupInfoLogger.java:50)- Starting PricePublishingSystemApplication on 2016-20170502RH with PID 10840 (E:\svn\price-publishing-system\target\classes started by Administrator in E:\svn\price-publishing-system)
2018-08-01 09:30:41,842 DEBUG (StartupInfoLogger.java:53)- Running with Spring Boot v2.0.2.RELEASE, Spring v5.0.6.RELEASE
2018-08-01 09:30:41,842 INFO (SpringApplication.java:663)- The following profiles are active: dev
2018-08-01 09:30:45,004 INFO (StartupInfoLogger.java:59)- Started PricePublishingSystemApplication in 3.235 seconds (JVM running for 1652.591)
2018-08-01 09:38:21,187 INFO (StartupInfoLogger.java:50)- Starting PricePublishingSystemApplication on 2016-20170502RH with PID 10840 (E:\svn\price-publishing-system\target\classes started by Administrator in E:\svn\price-publishing-system)
2018-08-01 09:38:21,187 DEBUG (StartupInfoLogger.java:53)- Running with Spring Boot v2.0.2.RELEASE, Spring v5.0.6.RELEASE
2018-08-01 09:38:21,187 INFO (SpringApplication.java:663)- The following profiles are active: dev
2018-08-01 09:38:24,447 INFO (StartupInfoLogger.java:59)- Started PricePublishingSystemApplication in 3.31 seconds (JVM running for 2112.019)
2018-08-01 09:40:33,967 INFO (StartupInfoLogger.java:50)- Starting PricePublishingSystemApplication on 2016-20170502RH with PID 10840 (E:\svn\price-publishing-system\target\classes started by Administrator in E:\svn\price-publishing-system)
2018-08-01 09:40:33,967 DEBUG (StartupInfoLogger.java:53)- Running with Spring Boot v2.0.2.RELEASE, Spring v5.0.6.RELEASE
2018-08-01 09:40:33,967 INFO (SpringApplication.java:663)- The following profiles are active: dev
2018-08-01 09:40:37,093 INFO (StartupInfoLogger.java:59)- Started PricePublishingSystemApplication in 3.173 seconds (JVM running for 2244.661)
2018-08-01 10:29:33,574 INFO (StartupInfoLogger.java:50)- Starting PricePublishingSystemApplication on 2016-20170502RH with PID 10840 (E:\svn\price-publishing-system\target\classes started by Administrator in E:\svn\price-publishing-system)
2018-08-01 10:29:33,576 DEBUG (StartupInfoLogger.java:53)- Running with Spring Boot v2.0.2.RELEASE, Spring v5.0.6.RELEASE
2018-08-01 10:29:33,576 INFO (SpringApplication.java:663)- The following profiles are active: dev
2018-08-01 10:29:37,335 INFO (StartupInfoLogger.java:59)- Started PricePublishingSystemApplication in 3.852 seconds (JVM running for 5184.807)
2018-08-01 10:56:03,036 INFO (StartupInfoLogger.java:50)- Starting PricePublishingSystemApplication on 2016-20170502RH with PID 10840 (E:\svn\price-publishing-system\target\classes started by Administrator in E:\svn\price-publishing-system)
2018-08-01 10:56:03,037 DEBUG (StartupInfoLogger.java:53)- Running with Spring Boot v2.0.2.RELEASE, Spring v5.0.6.RELEASE
2018-08-01 10:56:03,037 INFO (SpringApplication.java:663)- The following profiles are active: dev
2018-08-01 10:57:46,202 INFO (StartupInfoLogger.java:50)- Starting PricePublishingSystemApplication on 2016-20170502RH with PID 10840 (E:\svn\price-publishing-system\target\classes started by Administrator in E:\svn\price-publishing-system)
2018-08-01 10:57:46,203 DEBUG (StartupInfoLogger.java:53)- Running with Spring Boot v2.0.2.RELEASE, Spring v5.0.6.RELEASE
2018-08-01 10:57:46,203 INFO (SpringApplication.java:663)- The following profiles are active: dev
2018-08-01 10:57:50,141 INFO (StartupInfoLogger.java:59)- Started PricePublishingSystemApplication in 3.992 seconds (JVM running for 6877.559)
2018-08-01 10:57:54,725 INFO (StartupInfoLogger.java:50)- Starting PricePublishingSystemApplication on 2016-20170502RH with PID 10840 (E:\svn\price-publishing-system\target\classes started by Administrator in E:\svn\price-publishing-system)
2018-08-01 10:57:54,726 DEBUG (StartupInfoLogger.java:53)- Running with Spring Boot v2.0.2.RELEASE, Spring v5.0.6.RELEASE
2018-08-01 10:57:54,726 INFO (SpringApplication.java:663)- The following profiles are active: dev
2018-08-01 10:58:00,853 INFO (StartupInfoLogger.java:50)- Starting PricePublishingSystemApplication on 2016-20170502RH with PID 10840 (E:\svn\price-publishing-system\target\classes started by Administrator in E:\svn\price-publishing-system)
2018-08-01 10:58:00,853 DEBUG (StartupInfoLogger.java:53)- Running with Spring Boot v2.0.2.RELEASE, Spring v5.0.6.RELEASE
2018-08-01 10:58:00,853 INFO (SpringApplication.java:663)- The following profiles are active: dev
2018-08-01 10:58:11,370 INFO (StartupInfoLogger.java:50)- Starting PricePublishingSystemApplication on 2016-20170502RH with PID 10840 (E:\svn\price-publishing-system\target\classes started by Administrator in E:\svn\price-publishing-system)
2018-08-01 10:58:11,371 DEBUG (StartupInfoLogger.java:53)- Running with Spring Boot v2.0.2.RELEASE, Spring v5.0.6.RELEASE
2018-08-01 10:58:11,371 INFO (SpringApplication.java:663)- The following profiles are active: dev
2018-08-01 10:58:21,881 INFO (StartupInfoLogger.java:50)- Starting PricePublishingSystemApplication on 2016-20170502RH with PID 10840 (E:\svn\price-publishing-system\target\classes started by Administrator in E:\svn\price-publishing-system)
2018-08-01 10:58:21,881 DEBUG (StartupInfoLogger.java:53)- Running with Spring Boot v2.0.2.RELEASE, Spring v5.0.6.RELEASE
2018-08-01 10:58:21,881 INFO (SpringApplication.java:663)- The following profiles are active: dev
2018-08-01 10:58:26,097 INFO (StartupInfoLogger.java:59)- Started PricePublishingSystemApplication in 4.297 seconds (JVM running for 6913.514)
2018-08-01 10:58:58,983 INFO (StartupInfoLogger.java:50)- Starting PricePublishingSystemApplication on 2016-20170502RH with PID 10840 (E:\svn\price-publishing-system\target\classes started by Administrator in E:\svn\price-publishing-system)
2018-08-01 10:58:58,983 DEBUG (StartupInfoLogger.java:53)- Running with Spring Boot v2.0.2.RELEASE, Spring v5.0.6.RELEASE
2018-08-01 10:58:58,983 INFO (SpringApplication.java:663)- The following profiles are active: dev
2018-08-01 10:59:03,437 INFO (StartupInfoLogger.java:59)- Started PricePublishingSystemApplication in 4.518 seconds (JVM running for 6950.852)
2018-08-01 10:59:13,934 INFO (StartupInfoLogger.java:50)- Starting PricePublishingSystemApplication on 2016-20170502RH with PID 10840 (E:\svn\price-publishing-system\target\classes started by Administrator in E:\svn\price-publishing-system)
2018-08-01 10:59:13,934 DEBUG (StartupInfoLogger.java:53)- Running with Spring Boot v2.0.2.RELEASE, Spring v5.0.6.RELEASE
2018-08-01 10:59:13,935 INFO (SpringApplication.java:663)- The following profiles are active: dev
2018-08-01 10:59:17,877 INFO (StartupInfoLogger.java:59)- Started PricePublishingSystemApplication in 3.995 seconds (JVM running for 6965.292)
2018-08-01 10:59:29,648 INFO (StartupInfoLogger.java:50)- Starting PricePublishingSystemApplication on 2016-20170502RH with PID 10840 (E:\svn\price-publishing-system\target\classes started by Administrator in E:\svn\price-publishing-system)
2018-08-01 10:59:29,649 DEBUG (StartupInfoLogger.java:53)- Running with Spring Boot v2.0.2.RELEASE, Spring v5.0.6.RELEASE
2018-08-01 10:59:29,649 INFO (SpringApplication.java:663)- The following profiles are active: dev
2018-08-01 10:59:33,064 INFO (StartupInfoLogger.java:59)- Started PricePublishingSystemApplication in 3.529 seconds (JVM running for 6980.478)
2018-08-01 10:59:40,237 INFO (StartupInfoLogger.java:50)- Starting PricePublishingSystemApplication on 2016-20170502RH with PID 10840 (E:\svn\price-publishing-system\target\classes started by Administrator in E:\svn\price-publishing-system)
2018-08-01 10:59:40,239 DEBUG (StartupInfoLogger.java:53)- Running with Spring Boot v2.0.2.RELEASE, Spring v5.0.6.RELEASE
2018-08-01 10:59:40,240 INFO (SpringApplication.java:663)- The following profiles are active: dev
2018-08-01 10:59:44,811 INFO (StartupInfoLogger.java:59)- Started PricePublishingSystemApplication in 4.684 seconds (JVM running for 6992.225)
2018-08-01 10:59:49,230 INFO (StartupInfoLogger.java:50)- Starting PricePublishingSystemApplication on 2016-20170502RH with PID 10840 (E:\svn\price-publishing-system\target\classes started by Administrator in E:\svn\price-publishing-system)
2018-08-01 10:59:49,231 DEBUG (StartupInfoLogger.java:53)- Running with Spring Boot v2.0.2.RELEASE, Spring v5.0.6.RELEASE
2018-08-01 10:59:49,231 INFO (SpringApplication.java:663)- The following profiles are active: dev
2018-08-01 10:59:53,463 INFO (StartupInfoLogger.java:59)- Started PricePublishingSystemApplication in 4.296 seconds (JVM running for 7000.877)
2018-08-01 11:00:01,728 INFO (StartupInfoLogger.java:50)- Starting PricePublishingSystemApplication on 2016-20170502RH with PID 10840 (E:\svn\price-publishing-system\target\classes started by Administrator in E:\svn\price-publishing-system)
2018-08-01 11:00:01,729 DEBUG (StartupInfoLogger.java:53)- Running with Spring Boot v2.0.2.RELEASE, Spring v5.0.6.RELEASE
2018-08-01 11:00:01,729 INFO (SpringApplication.java:663)- The following profiles are active: dev
2018-08-01 11:00:05,597 INFO (StartupInfoLogger.java:59)- Started PricePublishingSystemApplication in 3.917 seconds (JVM running for 7013.01)
2018-08-01 11:00:09,314 INFO (StartupInfoLogger.java:50)- Starting PricePublishingSystemApplication on 2016-20170502RH with PID 10840 (E:\svn\price-publishing-system\target\classes started by Administrator in E:\svn\price-publishing-system)
2018-08-01 11:00:09,314 DEBUG (StartupInfoLogger.java:53)- Running with Spring Boot v2.0.2.RELEASE, Spring v5.0.6.RELEASE
2018-08-01 11:00:09,314 INFO (SpringApplication.java:663)- The following profiles are active: dev
2018-08-01 11:00:13,687 INFO (StartupInfoLogger.java:59)- Started PricePublishingSystemApplication in 4.429 seconds (JVM running for 7021.1)
2018-08-01 11:00:20,425 INFO (StartupInfoLogger.java:50)- Starting PricePublishingSystemApplication on 2016-20170502RH with PID 10840 (E:\svn\price-publishing-system\target\classes started by Administrator in E:\svn\price-publishing-system)
2018-08-01 11:00:20,426 DEBUG (StartupInfoLogger.java:53)- Running with Spring Boot v2.0.2.RELEASE, Spring v5.0.6.RELEASE
2018-08-01 11:00:20,426 INFO (SpringApplication.java:663)- The following profiles are active: dev
2018-08-01 11:00:28,991 INFO (StartupInfoLogger.java:50)- Starting PricePublishingSystemApplication on 2016-20170502RH with PID 10840 (E:\svn\price-publishing-system\target\classes started by Administrator in E:\svn\price-publishing-system)
2018-08-01 11:00:28,991 DEBUG (StartupInfoLogger.java:53)- Running with Spring Boot v2.0.2.RELEASE, Spring v5.0.6.RELEASE
2018-08-01 11:00:28,991 INFO (SpringApplication.java:663)- The following profiles are active: dev
2018-08-01 11:00:33,285 INFO (StartupInfoLogger.java:59)- Started PricePublishingSystemApplication in 4.334 seconds (JVM running for 7040.697)
2018-08-01 11:00:36,741 INFO (StartupInfoLogger.java:50)- Starting PricePublishingSystemApplication on 2016-20170502RH with PID 10840 (E:\svn\price-publishing-system\target\classes started by Administrator in E:\svn\price-publishing-system)
2018-08-01 11:00:36,750 DEBUG (StartupInfoLogger.java:53)- Running with Spring Boot v2.0.2.RELEASE, Spring v5.0.6.RELEASE
2018-08-01 11:00:36,750 INFO (SpringApplication.java:663)- The following profiles are active: dev
2018-08-01 11:00:40,319 INFO (StartupInfoLogger.java:59)- Started PricePublishingSystemApplication in 3.653 seconds (JVM running for 7047.732)
2018-08-01 11:00:44,848 INFO (StartupInfoLogger.java:50)- Starting PricePublishingSystemApplication on 2016-20170502RH with PID 10840 (E:\svn\price-publishing-system\target\classes started by Administrator in E:\svn\price-publishing-system)
2018-08-01 11:00:44,848 DEBUG (StartupInfoLogger.java:53)- Running with Spring Boot v2.0.2.RELEASE, Spring v5.0.6.RELEASE
2018-08-01 11:00:44,849 INFO (SpringApplication.java:663)- The following profiles are active: dev
2018-08-01 11:00:51,095 INFO (StartupInfoLogger.java:50)- Starting PricePublishingSystemApplication on 2016-20170502RH with PID 10840 (E:\svn\price-publishing-system\target\classes started by Administrator in E:\svn\price-publishing-system)
2018-08-01 11:00:51,096 DEBUG (StartupInfoLogger.java:53)- Running with Spring Boot v2.0.2.RELEASE, Spring v5.0.6.RELEASE
2018-08-01 11:00:51,096 INFO (SpringApplication.java:663)- The following profiles are active: dev
2018-08-01 11:02:40,001 INFO (StartupInfoLogger.java:50)- Starting PricePublishingSystemApplication on 2016-20170502RH with PID 10840 (E:\svn\price-publishing-system\target\classes started by Administrator in E:\svn\price-publishing-system)
2018-08-01 11:02:40,004 DEBUG (StartupInfoLogger.java:53)- Running with Spring Boot v2.0.2.RELEASE, Spring v5.0.6.RELEASE
2018-08-01 11:02:40,006 INFO (SpringApplication.java:663)- The following profiles are active: dev
2018-08-01 11:03:13,830 INFO (StartupInfoLogger.java:50)- Starting PricePublishingSystemApplication on 2016-20170502RH with PID 10840 (E:\svn\price-publishing-system\target\classes started by Administrator in E:\svn\price-publishing-system)
2018-08-01 11:03:13,830 DEBUG (StartupInfoLogger.java:53)- Running with Spring Boot v2.0.2.RELEASE, Spring v5.0.6.RELEASE
2018-08-01 11:03:13,831 INFO (SpringApplication.java:663)- The following profiles are active: dev
2018-08-01 11:03:18,485 INFO (StartupInfoLogger.java:50)- Starting PricePublishingSystemApplication on 2016-20170502RH with PID 10840 (E:\svn\price-publishing-system\target\classes started by Administrator in E:\svn\price-publishing-system)
2018-08-01 11:03:18,485 DEBUG (StartupInfoLogger.java:53)- Running with Spring Boot v2.0.2.RELEASE, Spring v5.0.6.RELEASE
2018-08-01 11:03:18,485 INFO (SpringApplication.java:663)- The following profiles are active: dev
2018-08-01 11:04:05,007 INFO (StartupInfoLogger.java:50)- Starting PricePublishingSystemApplication on 2016-20170502RH with PID 10840 (E:\svn\price-publishing-system\target\classes started by Administrator in E:\svn\price-publishing-system)
2018-08-01 11:04:05,008 DEBUG (StartupInfoLogger.java:53)- Running with Spring Boot v2.0.2.RELEASE, Spring v5.0.6.RELEASE
2018-08-01 11:04:05,008 INFO (SpringApplication.java:663)- The following profiles are active: dev
2018-08-01 11:04:09,260 INFO (StartupInfoLogger.java:59)- Started PricePublishingSystemApplication in 4.293 seconds (JVM running for 7256.666)
2018-08-01 11:04:16,839 INFO (StartupInfoLogger.java:50)- Starting PricePublishingSystemApplication on 2016-20170502RH with PID 10840 (E:\svn\price-publishing-system\target\classes started by Administrator in E:\svn\price-publishing-system)
2018-08-01 11:04:16,839 DEBUG (StartupInfoLogger.java:53)- Running with Spring Boot v2.0.2.RELEASE, Spring v5.0.6.RELEASE
2018-08-01 11:04:16,840 INFO (SpringApplication.java:663)- The following profiles are active: dev
2018-08-01 11:04:19,258 INFO (StartupInfoLogger.java:59)- Started PricePublishingSystemApplication in 2.493 seconds (JVM running for 7266.663)
2018-08-01 11:04:30,682 INFO (StartupInfoLogger.java:50)- Starting PricePublishingSystemApplication on 2016-20170502RH with PID 10840 (E:\svn\price-publishing-system\target\classes started by Administrator in E:\svn\price-publishing-system)
2018-08-01 11:04:30,682 DEBUG (StartupInfoLogger.java:53)- Running with Spring Boot v2.0.2.RELEASE, Spring v5.0.6.RELEASE
2018-08-01 11:04:30,682 INFO (SpringApplication.java:663)- The following profiles are active: dev
2018-08-01 11:04:37,575 INFO (StartupInfoLogger.java:50)- Starting PricePublishingSystemApplication on 2016-20170502RH with PID 10840 (E:\svn\price-publishing-system\target\classes started by Administrator in E:\svn\price-publishing-system)
2018-08-01 11:04:37,575 DEBUG (StartupInfoLogger.java:53)- Running with Spring Boot v2.0.2.RELEASE, Spring v5.0.6.RELEASE
2018-08-01 11:04:37,575 INFO (SpringApplication.java:663)- The following profiles are active: dev
2018-08-01 11:04:44,129 INFO (StartupInfoLogger.java:50)- Starting PricePublishingSystemApplication on 2016-20170502RH with PID 10840 (E:\svn\price-publishing-system\target\classes started by Administrator in E:\svn\price-publishing-system)
2018-08-01 11:04:44,130 DEBUG (StartupInfoLogger.java:53)- Running with Spring Boot v2.0.2.RELEASE, Spring v5.0.6.RELEASE
2018-08-01 11:04:44,130 INFO (SpringApplication.java:663)- The following profiles are active: dev
2018-08-01 11:04:47,933 INFO (StartupInfoLogger.java:59)- Started PricePublishingSystemApplication in 3.847 seconds (JVM running for 7295.337)
2018-08-01 11:04:53,007 INFO (StartupInfoLogger.java:50)- Starting PricePublishingSystemApplication on 2016-20170502RH with PID 10840 (E:\svn\price-publishing-system\target\classes started by Administrator in E:\svn\price-publishing-system)
2018-08-01 11:04:53,007 DEBUG (StartupInfoLogger.java:53)- Running with Spring Boot v2.0.2.RELEASE, Spring v5.0.6.RELEASE
2018-08-01 11:04:53,007 INFO (SpringApplication.java:663)- The following profiles are active: dev
2018-08-01 11:04:56,949 INFO (StartupInfoLogger.java:59)- Started PricePublishingSystemApplication in 4.056 seconds (JVM running for 7304.353)
2018-08-01 11:05:03,716 INFO (StartupInfoLogger.java:50)- Starting PricePublishingSystemApplication on 2016-20170502RH with PID 10840 (E:\svn\price-publishing-system\target\classes started by Administrator in E:\svn\price-publishing-system)
2018-08-01 11:05:03,716 DEBUG (StartupInfoLogger.java:53)- Running with Spring Boot v2.0.2.RELEASE, Spring v5.0.6.RELEASE
2018-08-01 11:05:03,716 INFO (SpringApplication.java:663)- The following profiles are active: dev
2018-08-01 11:05:10,799 INFO (StartupInfoLogger.java:50)- Starting PricePublishingSystemApplication on 2016-20170502RH with PID 10840 (E:\svn\price-publishing-system\target\classes started by Administrator in E:\svn\price-publishing-system)
2018-08-01 11:05:10,799 DEBUG (StartupInfoLogger.java:53)- Running with Spring Boot v2.0.2.RELEASE, Spring v5.0.6.RELEASE
2018-08-01 11:05:10,800 INFO (SpringApplication.java:663)- The following profiles are active: dev
2018-08-01 11:05:15,639 INFO (StartupInfoLogger.java:59)- Started PricePublishingSystemApplication in 4.932 seconds (JVM running for 7323.023)
2018-08-01 11:05:39,385 INFO (StartupInfoLogger.java:50)- Starting PricePublishingSystemApplication on 2016-20170502RH with PID 10840 (E:\svn\price-publishing-system\target\classes started by Administrator in E:\svn\price-publishing-system)
2018-08-01 11:05:39,385 DEBUG (StartupInfoLogger.java:53)- Running with Spring Boot v2.0.2.RELEASE, Spring v5.0.6.RELEASE
2018-08-01 11:05:39,386 INFO (SpringApplication.java:663)- The following profiles are active: dev
2018-08-01 16:07:21,903 INFO (StartupInfoLogger.java:50)- Starting PricePublishingSystemApplication on 2016-20170502RH with PID 14496 (E:\svn\price-publishing-system\target\classes started by Administrator in E:\svn\price-publishing-system)
2018-08-01 16:07:21,905 DEBUG (StartupInfoLogger.java:53)- Running with Spring Boot v2.0.2.RELEASE, Spring v5.0.6.RELEASE
2018-08-01 16:07:21,907 INFO (SpringApplication.java:663)- The following profiles are active: dev
2018-08-01 16:07:29,836 INFO (StartupInfoLogger.java:59)- Started PricePublishingSystemApplication in 8.937 seconds (JVM running for 11.865)
2018-08-01 16:09:37,802 DEBUG (BaseJdbcLogger.java:159)- ==>  Preparing: select * from user_info user where user.name = ? and is_del=0 
2018-08-01 16:09:37,965 DEBUG (BaseJdbcLogger.java:159)- ==> Parameters: admin(String)
2018-08-01 16:09:38,004 DEBUG (BaseJdbcLogger.java:159)- <==      Total: 1
2018-08-01 16:09:38,069 DEBUG (BaseJdbcLogger.java:159)- ==>  Preparing: select user_id, region_id, type from user_ref_area WHERE ( user_id = ? ) 
2018-08-01 16:09:38,071 DEBUG (BaseJdbcLogger.java:159)- ==> Parameters: b8d11ee289394be688ef3a4f6968efed(String)
2018-08-01 16:09:38,074 DEBUG (BaseJdbcLogger.java:159)- <==      Total: 1
2018-08-01 16:20:01,585 DEBUG (BaseJdbcLogger.java:159)- ==>  Preparing: select * from user_info user where user.name = ? and is_del=0 
2018-08-01 16:20:01,666 DEBUG (BaseJdbcLogger.java:159)- ==> Parameters: admin(String)
2018-08-01 16:20:01,737 DEBUG (BaseJdbcLogger.java:159)- <==      Total: 1
2018-08-01 16:20:01,781 DEBUG (BaseJdbcLogger.java:159)- ==>  Preparing: select user_id, region_id, type from user_ref_area WHERE ( user_id = ? ) 
2018-08-01 16:20:01,783 DEBUG (BaseJdbcLogger.java:159)- ==> Parameters: b8d11ee289394be688ef3a4f6968efed(String)
2018-08-01 16:20:01,786 DEBUG (BaseJdbcLogger.java:159)- <==      Total: 1
2018-08-01 16:27:51,300 DEBUG (BaseJdbcLogger.java:159)- ==>  Preparing: select * from user_info user where user.name = ? and is_del=0 
2018-08-01 16:27:51,371 DEBUG (BaseJdbcLogger.java:159)- ==> Parameters: admin(String)
2018-08-01 16:27:51,408 DEBUG (BaseJdbcLogger.java:159)- <==      Total: 1
2018-08-01 16:27:51,454 DEBUG (BaseJdbcLogger.java:159)- ==>  Preparing: select user_id, region_id, type from user_ref_area WHERE ( user_id = ? ) 
2018-08-01 16:27:51,456 DEBUG (BaseJdbcLogger.java:159)- ==> Parameters: b8d11ee289394be688ef3a4f6968efed(String)
2018-08-01 16:27:51,460 DEBUG (BaseJdbcLogger.java:159)- <==      Total: 1
2018-08-01 16:29:00,227 DEBUG (BaseJdbcLogger.java:159)- ==>  Preparing: select * from user_info user where user.name = ? and is_del=0 
2018-08-01 16:29:00,229 DEBUG (BaseJdbcLogger.java:159)- ==> Parameters: admin(String)
2018-08-01 16:29:00,234 DEBUG (BaseJdbcLogger.java:159)- <==      Total: 1
2018-08-01 16:29:00,238 DEBUG (BaseJdbcLogger.java:159)- ==>  Preparing: select user_id, region_id, type from user_ref_area WHERE ( user_id = ? ) 
2018-08-01 16:29:00,240 DEBUG (BaseJdbcLogger.java:159)- ==> Parameters: b8d11ee289394be688ef3a4f6968efed(String)
2018-08-01 16:29:00,516 DEBUG (BaseJdbcLogger.java:159)- <==      Total: 1
2018-08-01 16:31:23,590 DEBUG (BaseJdbcLogger.java:159)- ==>  Preparing: select * from user_info user where user.name = ? and is_del=0 
2018-08-01 16:31:23,591 DEBUG (BaseJdbcLogger.java:159)- ==> Parameters: admin(String)
2018-08-01 16:31:23,595 DEBUG (BaseJdbcLogger.java:159)- <==      Total: 1
2018-08-01 16:31:23,608 DEBUG (BaseJdbcLogger.java:159)- ==>  Preparing: select user_id, region_id, type from user_ref_area WHERE ( user_id = ? ) 
2018-08-01 16:31:23,608 DEBUG (BaseJdbcLogger.java:159)- ==> Parameters: b8d11ee289394be688ef3a4f6968efed(String)
2018-08-01 16:31:23,610 DEBUG (BaseJdbcLogger.java:159)- <==      Total: 1
2018-08-01 16:31:55,636 DEBUG (BaseJdbcLogger.java:159)- ==>  Preparing: select * from user_info user where user.name = ? and is_del=0 
2018-08-01 16:31:55,637 DEBUG (BaseJdbcLogger.java:159)- ==> Parameters: admin(String)
2018-08-01 16:31:55,644 DEBUG (BaseJdbcLogger.java:159)- <==      Total: 1
2018-08-01 16:31:55,651 DEBUG (BaseJdbcLogger.java:159)- ==>  Preparing: select user_id, region_id, type from user_ref_area WHERE ( user_id = ? ) 
2018-08-01 16:31:55,651 DEBUG (BaseJdbcLogger.java:159)- ==> Parameters: b8d11ee289394be688ef3a4f6968efed(String)
2018-08-01 16:31:55,653 DEBUG (BaseJdbcLogger.java:159)- <==      Total: 1
2018-08-01 16:36:26,567 DEBUG (BaseJdbcLogger.java:159)- ==>  Preparing: select * from user_info user where user.name = ? and is_del=0 
2018-08-01 16:36:26,772 DEBUG (BaseJdbcLogger.java:159)- ==> Parameters: admin(String)
2018-08-01 16:36:26,808 DEBUG (BaseJdbcLogger.java:159)- <==      Total: 1
2018-08-01 16:36:26,861 DEBUG (BaseJdbcLogger.java:159)- ==>  Preparing: select user_id, region_id, type from user_ref_area WHERE ( user_id = ? ) 
2018-08-01 16:36:26,863 DEBUG (BaseJdbcLogger.java:159)- ==> Parameters: b8d11ee289394be688ef3a4f6968efed(String)
2018-08-01 16:36:27,188 DEBUG (BaseJdbcLogger.java:159)- <==      Total: 1
2018-08-01 16:44:49,423 INFO (StartupInfoLogger.java:50)- Starting PricePublishingSystemApplication on 2016-20170502RH with PID 14496 (E:\svn\price-publishing-system\target\classes started by Administrator in E:\svn\price-publishing-system)
2018-08-01 16:44:49,423 DEBUG (StartupInfoLogger.java:53)- Running with Spring Boot v2.0.2.RELEASE, Spring v5.0.6.RELEASE
2018-08-01 16:44:49,424 INFO (SpringApplication.java:663)- The following profiles are active: dev
2018-08-01 16:45:01,482 INFO (StartupInfoLogger.java:59)- Started PricePublishingSystemApplication in 12.297 seconds (JVM running for 2263.438)
2018-08-01 16:49:12,577 DEBUG (BaseJdbcLogger.java:159)- ==>  Preparing: select * from user_info user where user.name = ? and is_del=0 
2018-08-01 16:49:12,699 DEBUG (BaseJdbcLogger.java:159)- ==> Parameters: admin(String)
2018-08-01 16:49:12,743 DEBUG (BaseJdbcLogger.java:159)- <==      Total: 1
2018-08-01 16:49:12,848 DEBUG (BaseJdbcLogger.java:159)- ==>  Preparing: select user_id, region_id, type from user_ref_area WHERE ( user_id = ? ) 
2018-08-01 16:49:12,854 DEBUG (BaseJdbcLogger.java:159)- ==> Parameters: b8d11ee289394be688ef3a4f6968efed(String)
2018-08-01 16:49:12,879 DEBUG (BaseJdbcLogger.java:159)- <==      Total: 1
2018-08-01 17:14:11,817 INFO (StartupInfoLogger.java:50)- Starting PricePublishingSystemApplication on 2016-20170502RH with PID 14496 (E:\svn\price-publishing-system\target\classes started by Administrator in E:\svn\price-publishing-system)
2018-08-01 17:14:11,818 DEBUG (StartupInfoLogger.java:53)- Running with Spring Boot v2.0.2.RELEASE, Spring v5.0.6.RELEASE
2018-08-01 17:14:11,819 INFO (SpringApplication.java:663)- The following profiles are active: dev
2018-08-01 17:14:25,667 INFO (StartupInfoLogger.java:59)- Started PricePublishingSystemApplication in 14.418 seconds (JVM running for 4027.565)
2018-08-01 17:25:43,323 INFO (StartupInfoLogger.java:50)- Starting PricePublishingSystemApplication on 2016-20170502RH with PID 14496 (E:\svn\price-publishing-system\target\classes started by Administrator in E:\svn\price-publishing-system)
2018-08-01 17:25:43,323 DEBUG (StartupInfoLogger.java:53)- Running with Spring Boot v2.0.2.RELEASE, Spring v5.0.6.RELEASE
2018-08-01 17:25:43,324 INFO (SpringApplication.java:663)- The following profiles are active: dev
2018-08-01 17:26:11,392 INFO (StartupInfoLogger.java:50)- Starting PricePublishingSystemApplication on 2016-20170502RH with PID 14496 (E:\svn\price-publishing-system\target\classes started by Administrator in E:\svn\price-publishing-system)
2018-08-01 17:26:11,407 DEBUG (StartupInfoLogger.java:53)- Running with Spring Boot v2.0.2.RELEASE, Spring v5.0.6.RELEASE
2018-08-01 17:26:11,407 INFO (SpringApplication.java:663)- The following profiles are active: dev
2018-08-01 17:26:29,799 INFO (StartupInfoLogger.java:50)- Starting PricePublishingSystemApplication on 2016-20170502RH with PID 13776 (E:\svn\price-publishing-system\target\classes started by Administrator in E:\svn\price-publishing-system)
2018-08-01 17:26:29,801 DEBUG (StartupInfoLogger.java:53)- Running with Spring Boot v2.0.2.RELEASE, Spring v5.0.6.RELEASE
2018-08-01 17:26:29,805 INFO (SpringApplication.java:663)- The following profiles are active: dev
2018-08-01 17:26:35,976 INFO (StartupInfoLogger.java:59)- Started PricePublishingSystemApplication in 7.412 seconds (JVM running for 9.737)
2018-08-01 17:44:43,519 INFO (StartupInfoLogger.java:50)- Starting PricePublishingSystemApplication on 2016-20170502RH with PID 13776 (E:\svn\price-publishing-system\target\classes started by Administrator in E:\svn\price-publishing-system)
2018-08-01 17:44:43,520 DEBUG (StartupInfoLogger.java:53)- Running with Spring Boot v2.0.2.RELEASE, Spring v5.0.6.RELEASE
2018-08-01 17:44:43,520 INFO (SpringApplication.java:663)- The following profiles are active: dev
2018-08-01 17:44:48,136 INFO (StartupInfoLogger.java:59)- Started PricePublishingSystemApplication in 4.791 seconds (JVM running for 1101.862)
2018-08-01 17:44:56,279 INFO (StartupInfoLogger.java:50)- Starting PricePublishingSystemApplication on 2016-20170502RH with PID 13776 (E:\svn\price-publishing-system\target\classes started by Administrator in E:\svn\price-publishing-system)
2018-08-01 17:44:56,279 DEBUG (StartupInfoLogger.java:53)- Running with Spring Boot v2.0.2.RELEASE, Spring v5.0.6.RELEASE
2018-08-01 17:44:56,279 INFO (SpringApplication.java:663)- The following profiles are active: dev
2018-08-01 17:45:03,783 INFO (StartupInfoLogger.java:50)- Starting PricePublishingSystemApplication on 2016-20170502RH with PID 13776 (E:\svn\price-publishing-system\target\classes started by Administrator in E:\svn\price-publishing-system)
2018-08-01 17:45:03,784 DEBUG (StartupInfoLogger.java:53)- Running with Spring Boot v2.0.2.RELEASE, Spring v5.0.6.RELEASE
2018-08-01 17:45:03,785 INFO (SpringApplication.java:663)- The following profiles are active: dev
2018-08-01 17:45:44,236 INFO (StartupInfoLogger.java:50)- Starting PricePublishingSystemApplication on 2016-20170502RH with PID 13776 (E:\svn\price-publishing-system\target\classes started by Administrator in E:\svn\price-publishing-system)
2018-08-01 17:45:44,237 DEBUG (StartupInfoLogger.java:53)- Running with Spring Boot v2.0.2.RELEASE, Spring v5.0.6.RELEASE
2018-08-01 17:45:44,237 INFO (SpringApplication.java:663)- The following profiles are active: dev
2018-08-01 17:47:40,572 INFO (StartupInfoLogger.java:50)- Starting PricePublishingSystemApplication on 2016-20170502RH with PID 13776 (E:\svn\price-publishing-system\target\classes started by Administrator in E:\svn\price-publishing-system)
2018-08-01 17:47:40,576 DEBUG (StartupInfoLogger.java:53)- Running with Spring Boot v2.0.2.RELEASE, Spring v5.0.6.RELEASE
2018-08-01 17:47:40,577 INFO (SpringApplication.java:663)- The following profiles are active: dev
2018-08-01 17:47:45,898 INFO (StartupInfoLogger.java:59)- Started PricePublishingSystemApplication in 6.12 seconds (JVM running for 1279.619)
2018-08-01 17:50:31,012 INFO (StartupInfoLogger.java:50)- Starting PricePublishingSystemApplication on 2016-20170502RH with PID 13776 (E:\svn\price-publishing-system\target\classes started by Administrator in E:\svn\price-publishing-system)
2018-08-01 17:50:31,013 DEBUG (StartupInfoLogger.java:53)- Running with Spring Boot v2.0.2.RELEASE, Spring v5.0.6.RELEASE
2018-08-01 17:50:31,013 INFO (SpringApplication.java:663)- The following profiles are active: dev
2018-08-01 17:50:33,526 INFO (StartupInfoLogger.java:59)- Started PricePublishingSystemApplication in 2.574 seconds (JVM running for 1447.241)
